

Started GET "/" for 127.0.0.1 at 2015-03-25 18:53:26 -0400

ActiveRecord::PendingMigrationError (

Migrations are pending. To resolve this issue, run:

	bin/rake db:migrate RAILS_ENV=development

):
  activerecord (4.1.8) lib/active_record/migration.rb:389:in `check_pending!'
  activerecord (4.1.8) lib/active_record/migration.rb:377:in `call'
  actionpack (4.1.8) lib/action_dispatch/middleware/callbacks.rb:29:in `block in call'
  activesupport (4.1.8) lib/active_support/callbacks.rb:82:in `run_callbacks'
  actionpack (4.1.8) lib/action_dispatch/middleware/callbacks.rb:27:in `call'
  actionpack (4.1.8) lib/action_dispatch/middleware/reloader.rb:73:in `call'
  actionpack (4.1.8) lib/action_dispatch/middleware/remote_ip.rb:76:in `call'
  actionpack (4.1.8) lib/action_dispatch/middleware/debug_exceptions.rb:17:in `call'
  actionpack (4.1.8) lib/action_dispatch/middleware/show_exceptions.rb:30:in `call'
  railties (4.1.8) lib/rails/rack/logger.rb:38:in `call_app'
  railties (4.1.8) lib/rails/rack/logger.rb:20:in `block in call'
  activesupport (4.1.8) lib/active_support/tagged_logging.rb:68:in `block in tagged'
  activesupport (4.1.8) lib/active_support/tagged_logging.rb:26:in `tagged'
  activesupport (4.1.8) lib/active_support/tagged_logging.rb:68:in `tagged'
  railties (4.1.8) lib/rails/rack/logger.rb:20:in `call'
  actionpack (4.1.8) lib/action_dispatch/middleware/request_id.rb:21:in `call'
  rack (1.5.2) lib/rack/methodoverride.rb:21:in `call'
  rack (1.5.2) lib/rack/runtime.rb:17:in `call'
  activesupport (4.1.8) lib/active_support/cache/strategy/local_cache_middleware.rb:26:in `call'
  rack (1.5.2) lib/rack/lock.rb:17:in `call'
  actionpack (4.1.8) lib/action_dispatch/middleware/static.rb:84:in `call'
  rack (1.5.2) lib/rack/sendfile.rb:112:in `call'
  railties (4.1.8) lib/rails/engine.rb:514:in `call'
  railties (4.1.8) lib/rails/application.rb:144:in `call'
  rack (1.5.2) lib/rack/lock.rb:17:in `call'
  rack (1.5.2) lib/rack/content_length.rb:14:in `call'
  rack (1.5.2) lib/rack/handler/webrick.rb:60:in `service'
  /Users/adityanarayan/.rvm/rubies/ruby-2.1.0/lib/ruby/2.1.0/webrick/httpserver.rb:138:in `service'
  /Users/adityanarayan/.rvm/rubies/ruby-2.1.0/lib/ruby/2.1.0/webrick/httpserver.rb:94:in `run'
  /Users/adityanarayan/.rvm/rubies/ruby-2.1.0/lib/ruby/2.1.0/webrick/server.rb:295:in `block in start_thread'


  Rendered /Users/adityanarayan/.rvm/gems/ruby-2.1.0/gems/actionpack-4.1.8/lib/action_dispatch/middleware/templates/rescues/_source.erb (0.6ms)
  Rendered /Users/adityanarayan/.rvm/gems/ruby-2.1.0/gems/actionpack-4.1.8/lib/action_dispatch/middleware/templates/rescues/_trace.html.erb (1.1ms)
  Rendered /Users/adityanarayan/.rvm/gems/ruby-2.1.0/gems/actionpack-4.1.8/lib/action_dispatch/middleware/templates/rescues/_request_and_response.html.erb (0.9ms)
  Rendered /Users/adityanarayan/.rvm/gems/ruby-2.1.0/gems/actionpack-4.1.8/lib/action_dispatch/middleware/templates/rescues/diagnostics.erb within rescues/layout (16.8ms)


Started GET "/" for 127.0.0.1 at 2015-03-25 18:53:28 -0400

ActiveRecord::PendingMigrationError (

Migrations are pending. To resolve this issue, run:

	bin/rake db:migrate RAILS_ENV=development

):
  activerecord (4.1.8) lib/active_record/migration.rb:389:in `check_pending!'
  activerecord (4.1.8) lib/active_record/migration.rb:377:in `call'
  actionpack (4.1.8) lib/action_dispatch/middleware/callbacks.rb:29:in `block in call'
  activesupport (4.1.8) lib/active_support/callbacks.rb:82:in `run_callbacks'
  actionpack (4.1.8) lib/action_dispatch/middleware/callbacks.rb:27:in `call'
  actionpack (4.1.8) lib/action_dispatch/middleware/reloader.rb:73:in `call'
  actionpack (4.1.8) lib/action_dispatch/middleware/remote_ip.rb:76:in `call'
  actionpack (4.1.8) lib/action_dispatch/middleware/debug_exceptions.rb:17:in `call'
  actionpack (4.1.8) lib/action_dispatch/middleware/show_exceptions.rb:30:in `call'
  railties (4.1.8) lib/rails/rack/logger.rb:38:in `call_app'
  railties (4.1.8) lib/rails/rack/logger.rb:20:in `block in call'
  activesupport (4.1.8) lib/active_support/tagged_logging.rb:68:in `block in tagged'
  activesupport (4.1.8) lib/active_support/tagged_logging.rb:26:in `tagged'
  activesupport (4.1.8) lib/active_support/tagged_logging.rb:68:in `tagged'
  railties (4.1.8) lib/rails/rack/logger.rb:20:in `call'
  actionpack (4.1.8) lib/action_dispatch/middleware/request_id.rb:21:in `call'
  rack (1.5.2) lib/rack/methodoverride.rb:21:in `call'
  rack (1.5.2) lib/rack/runtime.rb:17:in `call'
  activesupport (4.1.8) lib/active_support/cache/strategy/local_cache_middleware.rb:26:in `call'
  rack (1.5.2) lib/rack/lock.rb:17:in `call'
  actionpack (4.1.8) lib/action_dispatch/middleware/static.rb:84:in `call'
  rack (1.5.2) lib/rack/sendfile.rb:112:in `call'
  railties (4.1.8) lib/rails/engine.rb:514:in `call'
  railties (4.1.8) lib/rails/application.rb:144:in `call'
  rack (1.5.2) lib/rack/lock.rb:17:in `call'
  rack (1.5.2) lib/rack/content_length.rb:14:in `call'
  rack (1.5.2) lib/rack/handler/webrick.rb:60:in `service'
  /Users/adityanarayan/.rvm/rubies/ruby-2.1.0/lib/ruby/2.1.0/webrick/httpserver.rb:138:in `service'
  /Users/adityanarayan/.rvm/rubies/ruby-2.1.0/lib/ruby/2.1.0/webrick/httpserver.rb:94:in `run'
  /Users/adityanarayan/.rvm/rubies/ruby-2.1.0/lib/ruby/2.1.0/webrick/server.rb:295:in `block in start_thread'


  Rendered /Users/adityanarayan/.rvm/gems/ruby-2.1.0/gems/actionpack-4.1.8/lib/action_dispatch/middleware/templates/rescues/_source.erb (0.5ms)
  Rendered /Users/adityanarayan/.rvm/gems/ruby-2.1.0/gems/actionpack-4.1.8/lib/action_dispatch/middleware/templates/rescues/_trace.html.erb (1.1ms)
  Rendered /Users/adityanarayan/.rvm/gems/ruby-2.1.0/gems/actionpack-4.1.8/lib/action_dispatch/middleware/templates/rescues/_request_and_response.html.erb (0.9ms)
  Rendered /Users/adityanarayan/.rvm/gems/ruby-2.1.0/gems/actionpack-4.1.8/lib/action_dispatch/middleware/templates/rescues/diagnostics.erb within rescues/layout (14.6ms)
  [1m[36m (14.3ms)[0m  [1mCREATE TABLE "schema_migrations" ("version" varchar(255) NOT NULL) [0m
  [1m[35m (1.5ms)[0m  select sqlite_version(*)
  [1m[36m (1.2ms)[0m  [1mCREATE UNIQUE INDEX "unique_schema_migrations" ON "schema_migrations" ("version")[0m
  [1m[35mActiveRecord::SchemaMigration Load (0.1ms)[0m  SELECT "schema_migrations".* FROM "schema_migrations"
Migrating to CreateThermometers (20150325215339)
  [1m[36m (0.0ms)[0m  [1mbegin transaction[0m
  [1m[35m (0.3ms)[0m  CREATE TABLE "thermometers" ("id" INTEGER PRIMARY KEY AUTOINCREMENT NOT NULL, "temperature" float, "created_at" datetime, "updated_at" datetime) 
  [1m[36mSQL (0.2ms)[0m  [1mINSERT INTO "schema_migrations" ("version") VALUES (?)[0m  [["version", "20150325215339"]]
  [1m[35m (1.0ms)[0m  commit transaction
  [1m[36mActiveRecord::SchemaMigration Load (0.1ms)[0m  [1mSELECT "schema_migrations".* FROM "schema_migrations"[0m


Started GET "/" for 127.0.0.1 at 2015-03-25 18:54:00 -0400
  [1m[36mActiveRecord::SchemaMigration Load (0.1ms)[0m  [1mSELECT "schema_migrations".* FROM "schema_migrations"[0m
Processing by Rails::WelcomeController#index as HTML
  Rendered /Users/adityanarayan/.rvm/gems/ruby-2.1.0/gems/railties-4.1.8/lib/rails/templates/rails/welcome/index.html.erb (1.3ms)
Completed 200 OK in 53ms (Views: 5.8ms | ActiveRecord: 0.0ms)


Started GET "/" for 127.0.0.1 at 2015-03-25 18:55:43 -0400
  [1m[36mActiveRecord::SchemaMigration Load (0.1ms)[0m  [1mSELECT "schema_migrations".* FROM "schema_migrations"[0m
Processing by Rails::WelcomeController#index as HTML
  Rendered /Users/adityanarayan/.rvm/gems/ruby-2.1.0/gems/railties-4.1.8/lib/rails/templates/rails/welcome/index.html.erb (1.3ms)
Completed 200 OK in 21ms (Views: 5.5ms | ActiveRecord: 0.0ms)


Started GET "/thermometers" for 127.0.0.1 at 2015-03-25 18:55:48 -0400
Processing by ThermometersController#index as HTML
  [1m[35mThermometer Load (34.6ms)[0m  SELECT "thermometers".* FROM "thermometers"
  Rendered thermometers/index.html.erb within layouts/application (36.0ms)
Completed 200 OK in 2506ms (Views: 2450.6ms | ActiveRecord: 34.6ms)


Started GET "/assets/scaffolds.css?body=1" for 127.0.0.1 at 2015-03-25 18:55:51 -0400


Started GET "/assets/thermometers.css?body=1" for 127.0.0.1 at 2015-03-25 18:55:51 -0400


Started GET "/assets/application.css?body=1" for 127.0.0.1 at 2015-03-25 18:55:51 -0400


Started GET "/assets/jquery_ujs.js?body=1" for 127.0.0.1 at 2015-03-25 18:55:51 -0400


Started GET "/assets/jquery.js?body=1" for 127.0.0.1 at 2015-03-25 18:55:51 -0400


Started GET "/assets/application.js?body=1" for 127.0.0.1 at 2015-03-25 18:55:51 -0400


Started GET "/assets/turbolinks.js?body=1" for 127.0.0.1 at 2015-03-25 18:55:51 -0400


Started GET "/assets/thermometers.js?body=1" for 127.0.0.1 at 2015-03-25 18:55:51 -0400


Started GET "/assets/jquery_ujs.js?body=1" for 127.0.0.1 at 2015-03-25 18:55:51 -0400


Started GET "/assets/turbolinks.js?body=1" for 127.0.0.1 at 2015-03-25 18:55:51 -0400


Started GET "/assets/thermometers.js?body=1" for 127.0.0.1 at 2015-03-25 18:55:51 -0400


Started GET "/assets/application.js?body=1" for 127.0.0.1 at 2015-03-25 18:55:51 -0400


Started GET "/thermometers/new" for 127.0.0.1 at 2015-03-25 18:55:57 -0400
Processing by ThermometersController#new as HTML
  Rendered thermometers/_form.html.erb (170.1ms)
  Rendered thermometers/new.html.erb within layouts/application (188.0ms)
Completed 200 OK in 235ms (Views: 233.1ms | ActiveRecord: 0.3ms)


Started GET "/thermometers/new" for 127.0.0.1 at 2015-03-25 18:56:02 -0400
Processing by ThermometersController#new as HTML
  Rendered thermometers/_form.html.erb (1.4ms)
  Rendered thermometers/new.html.erb within layouts/application (2.3ms)
Completed 200 OK in 39ms (Views: 38.3ms | ActiveRecord: 0.0ms)


Started POST "/thermometers" for 127.0.0.1 at 2015-03-25 18:56:04 -0400
Processing by ThermometersController#create as HTML
  Parameters: {"utf8"=>"✓", "authenticity_token"=>"m4VqRVXGTCHHfOPYDgrrWaQTChxdg9YCzKBKckpFpp8=", "thermometer"=>{"temperature"=>"1"}, "commit"=>"Create Thermometer"}
Completed 400 Bad Request in 1ms

ActionController::ParameterMissing (param is missing or the value is empty: thermometer_mailer):
  app/controllers/thermometers_controller.rb:77:in `thermometer_params'
  app/controllers/thermometers_controller.rb:32:in `create'


  Rendered /Users/adityanarayan/.rvm/gems/ruby-2.1.0/gems/actionpack-4.1.8/lib/action_dispatch/middleware/templates/rescues/_source.erb (0.6ms)
  Rendered /Users/adityanarayan/.rvm/gems/ruby-2.1.0/gems/actionpack-4.1.8/lib/action_dispatch/middleware/templates/rescues/_trace.html.erb (1.2ms)
  Rendered /Users/adityanarayan/.rvm/gems/ruby-2.1.0/gems/actionpack-4.1.8/lib/action_dispatch/middleware/templates/rescues/_request_and_response.html.erb (1.0ms)
  Rendered /Users/adityanarayan/.rvm/gems/ruby-2.1.0/gems/actionpack-4.1.8/lib/action_dispatch/middleware/templates/rescues/diagnostics.erb within rescues/layout (33.2ms)


Started POST "/thermometers" for 127.0.0.1 at 2015-03-25 18:56:28 -0400
Processing by ThermometersController#create as HTML
  Parameters: {"utf8"=>"✓", "authenticity_token"=>"m4VqRVXGTCHHfOPYDgrrWaQTChxdg9YCzKBKckpFpp8=", "thermometer"=>{"temperature"=>"1"}, "commit"=>"Create Thermometer"}
  [1m[36m (0.1ms)[0m  [1mbegin transaction[0m
  [1m[35mSQL (26.5ms)[0m  INSERT INTO "thermometers" ("created_at", "temperature", "updated_at") VALUES (?, ?, ?)  [["created_at", "2015-03-25 22:56:28.352912"], ["temperature", 1.0], ["updated_at", "2015-03-25 22:56:28.352912"]]
  [1m[36m (0.9ms)[0m  [1mcommit transaction[0m
Redirected to http://localhost:5000/thermometers/1
Completed 302 Found in 68ms (ActiveRecord: 27.9ms)


Started GET "/thermometers/1" for 127.0.0.1 at 2015-03-25 18:56:28 -0400
Processing by ThermometersController#show as HTML
  Parameters: {"id"=>"1"}
  [1m[35mThermometer Load (0.2ms)[0m  SELECT  "thermometers".* FROM "thermometers"  WHERE "thermometers"."id" = ? LIMIT 1  [["id", 1]]
  [1m[36mCACHE (0.0ms)[0m  [1mSELECT  "thermometers".* FROM "thermometers"  WHERE "thermometers"."id" = ? LIMIT 1[0m  [["id", "1"]]
  Rendered thermometers/show.html.erb within layouts/application (0.7ms)
Completed 200 OK in 53ms (Views: 50.1ms | ActiveRecord: 0.2ms)


Started GET "/assets/scaffolds.css?body=1" for 127.0.0.1 at 2015-03-25 18:56:28 -0400


Started GET "/assets/application.css?body=1" for 127.0.0.1 at 2015-03-25 18:56:28 -0400


Started GET "/assets/thermometers.css?body=1" for 127.0.0.1 at 2015-03-25 18:56:28 -0400


Started GET "/assets/jquery_ujs.js?body=1" for 127.0.0.1 at 2015-03-25 18:56:28 -0400


Started GET "/assets/turbolinks.js?body=1" for 127.0.0.1 at 2015-03-25 18:56:28 -0400


Started GET "/assets/jquery.js?body=1" for 127.0.0.1 at 2015-03-25 18:56:28 -0400


Started GET "/assets/thermometers.js?body=1" for 127.0.0.1 at 2015-03-25 18:56:28 -0400


Started GET "/assets/application.js?body=1" for 127.0.0.1 at 2015-03-25 18:56:28 -0400


Started GET "/assets/jquery_ujs.js?body=1" for 127.0.0.1 at 2015-03-25 18:56:28 -0400


Started GET "/assets/turbolinks.js?body=1" for 127.0.0.1 at 2015-03-25 18:56:28 -0400


Started GET "/assets/thermometers.js?body=1" for 127.0.0.1 at 2015-03-25 18:56:29 -0400


Started GET "/assets/application.js?body=1" for 127.0.0.1 at 2015-03-25 18:56:29 -0400


Started GET "/thermometers" for 127.0.0.1 at 2015-03-25 18:56:36 -0400
Processing by ThermometersController#index as HTML
  [1m[35mThermometer Load (0.2ms)[0m  SELECT "thermometers".* FROM "thermometers"
  Rendered thermometers/index.html.erb within layouts/application (1.8ms)
Completed 200 OK in 618ms (Views: 617.7ms | ActiveRecord: 0.2ms)


Started GET "/thermometers/1" for 127.0.0.1 at 2015-03-25 18:56:37 -0400
Processing by ThermometersController#show as HTML
  Parameters: {"id"=>"1"}
  [1m[36mThermometer Load (0.1ms)[0m  [1mSELECT  "thermometers".* FROM "thermometers"  WHERE "thermometers"."id" = ? LIMIT 1[0m  [["id", 1]]
  [1m[35mCACHE (0.0ms)[0m  SELECT  "thermometers".* FROM "thermometers"  WHERE "thermometers"."id" = ? LIMIT 1  [["id", "1"]]
  Rendered thermometers/show.html.erb within layouts/application (0.3ms)
Completed 200 OK in 42ms (Views: 40.7ms | ActiveRecord: 0.1ms)


Started GET "/thermometers/1.json" for 127.0.0.1 at 2015-03-25 18:56:41 -0400
Processing by ThermometersController#show as JSON
  Parameters: {"id"=>"1"}
  [1m[36mThermometer Load (0.1ms)[0m  [1mSELECT  "thermometers".* FROM "thermometers"  WHERE "thermometers"."id" = ? LIMIT 1[0m  [["id", 1]]
  [1m[35mCACHE (0.0ms)[0m  SELECT  "thermometers".* FROM "thermometers"  WHERE "thermometers"."id" = ? LIMIT 1  [["id", "1"]]
  Rendered thermometers/show.json.jbuilder (75.6ms)
Completed 200 OK in 90ms (Views: 88.6ms | ActiveRecord: 0.1ms)


Started GET "/" for 127.0.0.1 at 2015-03-25 20:37:11 -0400
Processing by Rails::WelcomeController#index as HTML
  Rendered /Users/adityanarayan/.rvm/gems/ruby-2.1.0/gems/railties-4.1.8/lib/rails/templates/rails/welcome/index.html.erb (24.3ms)
Completed 200 OK in 194ms (Views: 140.5ms | ActiveRecord: 0.0ms)


Started GET "/thermometers/1.json" for 127.0.0.1 at 2015-03-25 20:37:17 -0400
Processing by ThermometersController#show as JSON
  Parameters: {"id"=>"1"}
  [1m[36mThermometer Load (20.4ms)[0m  [1mSELECT  "thermometers".* FROM "thermometers"  WHERE "thermometers"."id" = ? LIMIT 1[0m  [["id", 1]]
  [1m[35mCACHE (0.0ms)[0m  SELECT  "thermometers".* FROM "thermometers"  WHERE "thermometers"."id" = ? LIMIT 1  [["id", "1"]]
  Rendered thermometers/show.json.jbuilder (13.9ms)
Completed 200 OK in 281ms (Views: 29.8ms | ActiveRecord: 20.4ms)


Started GET "/thermometers/1.json" for 127.0.0.1 at 2015-03-25 20:45:04 -0400
Processing by ThermometersController#show as JSON
  Parameters: {"id"=>"1"}
  [1m[36mThermometer Load (8.4ms)[0m  [1mSELECT  "thermometers".* FROM "thermometers"  WHERE "thermometers"."id" = ? LIMIT 1[0m  [["id", 1]]
  [1m[35mCACHE (0.0ms)[0m  SELECT  "thermometers".* FROM "thermometers"  WHERE "thermometers"."id" = ? LIMIT 1  [["id", "1"]]
  Rendered thermometers/show.json.jbuilder (0.3ms)
Completed 200 OK in 37ms (Views: 6.5ms | ActiveRecord: 8.4ms)


Started GET "/" for 127.0.0.1 at 2015-03-25 20:54:53 -0400
Processing by Rails::WelcomeController#index as HTML
  Rendered /Users/adityanarayan/.rvm/gems/ruby-2.1.0/gems/railties-4.1.8/lib/rails/templates/rails/welcome/index.html.erb (0.1ms)
Completed 200 OK in 99ms (Views: 98.2ms | ActiveRecord: 0.0ms)


Started GET "/thermometers/1.json" for 127.0.0.1 at 2015-03-25 20:56:07 -0400
Processing by ThermometersController#show as JSON
  Parameters: {"id"=>"1"}
  [1m[36mThermometer Load (17.5ms)[0m  [1mSELECT  "thermometers".* FROM "thermometers"  WHERE "thermometers"."id" = ? LIMIT 1[0m  [["id", 1]]
  [1m[35mCACHE (0.0ms)[0m  SELECT  "thermometers".* FROM "thermometers"  WHERE "thermometers"."id" = ? LIMIT 1  [["id", "1"]]
  Rendered thermometers/show.json.jbuilder (0.5ms)
Completed 200 OK in 101ms (Views: 28.6ms | ActiveRecord: 17.5ms)


Started GET "/thermometers/1.json" for 127.0.0.1 at 2015-03-25 20:57:34 -0400
Processing by ThermometersController#show as JSON
  Parameters: {"id"=>"1"}
  [1m[36mThermometer Load (0.1ms)[0m  [1mSELECT  "thermometers".* FROM "thermometers"  WHERE "thermometers"."id" = ? LIMIT 1[0m  [["id", 1]]
  [1m[35mCACHE (0.0ms)[0m  SELECT  "thermometers".* FROM "thermometers"  WHERE "thermometers"."id" = ? LIMIT 1  [["id", "1"]]
  Rendered thermometers/show.json.jbuilder (0.3ms)
Completed 200 OK in 4ms (Views: 2.0ms | ActiveRecord: 0.1ms)


Started GET "/" for 127.0.0.1 at 2015-03-26 12:04:34 -0400
  [1m[36mActiveRecord::SchemaMigration Load (0.3ms)[0m  [1mSELECT "schema_migrations".* FROM "schema_migrations"[0m
Processing by Rails::WelcomeController#index as HTML
  Rendered /Users/adityanarayan/.rvm/gems/ruby-2.1.0/gems/railties-4.1.8/lib/rails/templates/rails/welcome/index.html.erb (1.7ms)
Completed 200 OK in 55ms (Views: 37.7ms | ActiveRecord: 0.0ms)


Started GET "/thermometers/1.json" for 127.0.0.1 at 2015-03-26 12:08:47 -0400
Processing by ThermometersController#show as JSON
  Parameters: {"id"=>"1"}
  [1m[35mThermometer Load (8.5ms)[0m  SELECT  "thermometers".* FROM "thermometers"  WHERE "thermometers"."id" = ? LIMIT 1  [["id", 1]]
  [1m[36mCACHE (0.0ms)[0m  [1mSELECT  "thermometers".* FROM "thermometers"  WHERE "thermometers"."id" = ? LIMIT 1[0m  [["id", "1"]]
  Rendered thermometers/show.json.jbuilder (57.7ms)
Completed 200 OK in 110ms (Views: 62.8ms | ActiveRecord: 21.1ms)


Started GET "/thermometers/1.json" for 127.0.0.1 at 2015-03-26 12:26:21 -0400
  [1m[36mActiveRecord::SchemaMigration Load (0.5ms)[0m  [1mSELECT "schema_migrations".* FROM "schema_migrations"[0m
Processing by ThermometersController#show as JSON
  Parameters: {"id"=>"1"}
  [1m[35mThermometer Load (9.7ms)[0m  SELECT  "thermometers".* FROM "thermometers"  WHERE "thermometers"."id" = ? LIMIT 1  [["id", 1]]
  [1m[36mCACHE (0.0ms)[0m  [1mSELECT  "thermometers".* FROM "thermometers"  WHERE "thermometers"."id" = ? LIMIT 1[0m  [["id", "1"]]
  Rendered thermometers/show.json.jbuilder (20.2ms)
Completed 200 OK in 136ms (Views: 69.5ms | ActiveRecord: 10.0ms)


Started GET "/thermometers/1.json" for 127.0.0.1 at 2015-03-26 12:26:41 -0400
Processing by ThermometersController#show as JSON
  Parameters: {"id"=>"1"}
  [1m[35mThermometer Load (0.1ms)[0m  SELECT  "thermometers".* FROM "thermometers"  WHERE "thermometers"."id" = ? LIMIT 1  [["id", 1]]
  [1m[36mCACHE (0.0ms)[0m  [1mSELECT  "thermometers".* FROM "thermometers"  WHERE "thermometers"."id" = ? LIMIT 1[0m  [["id", "1"]]
  Rendered thermometers/show.json.jbuilder (0.3ms)
Completed 200 OK in 4ms (Views: 2.2ms | ActiveRecord: 0.1ms)


Started GET "/thermometers/1.json" for 127.0.0.1 at 2015-03-26 12:29:04 -0400
Processing by ThermometersController#show as JSON
  Parameters: {"id"=>"1"}
  [1m[35mThermometer Load (0.1ms)[0m  SELECT  "thermometers".* FROM "thermometers"  WHERE "thermometers"."id" = ? LIMIT 1  [["id", 1]]
  [1m[36mCACHE (0.0ms)[0m  [1mSELECT  "thermometers".* FROM "thermometers"  WHERE "thermometers"."id" = ? LIMIT 1[0m  [["id", "1"]]
  Rendered thermometers/show.json.jbuilder (0.3ms)
Completed 200 OK in 4ms (Views: 2.1ms | ActiveRecord: 0.1ms)


Started GET "/thermometers/1.json" for 127.0.0.1 at 2015-03-26 12:29:19 -0400
Processing by ThermometersController#show as JSON
  Parameters: {"id"=>"1"}
  [1m[35mThermometer Load (0.1ms)[0m  SELECT  "thermometers".* FROM "thermometers"  WHERE "thermometers"."id" = ? LIMIT 1  [["id", 1]]
  [1m[36mCACHE (0.0ms)[0m  [1mSELECT  "thermometers".* FROM "thermometers"  WHERE "thermometers"."id" = ? LIMIT 1[0m  [["id", "1"]]
  Rendered thermometers/show.json.jbuilder (0.3ms)
Completed 200 OK in 4ms (Views: 2.2ms | ActiveRecord: 0.1ms)


Started GET "/thermometers/1.json" for 127.0.0.1 at 2015-03-26 12:30:20 -0400
Processing by ThermometersController#show as JSON
  Parameters: {"id"=>"1"}
  [1m[35mThermometer Load (0.1ms)[0m  SELECT  "thermometers".* FROM "thermometers"  WHERE "thermometers"."id" = ? LIMIT 1  [["id", 1]]
  [1m[36mCACHE (0.0ms)[0m  [1mSELECT  "thermometers".* FROM "thermometers"  WHERE "thermometers"."id" = ? LIMIT 1[0m  [["id", "1"]]
  Rendered thermometers/show.json.jbuilder (0.3ms)
Completed 200 OK in 3ms (Views: 2.0ms | ActiveRecord: 0.1ms)


Started GET "/thermometers/1.json" for 127.0.0.1 at 2015-03-26 12:32:50 -0400
Processing by ThermometersController#show as JSON
  Parameters: {"id"=>"1"}
  [1m[35mThermometer Load (0.1ms)[0m  SELECT  "thermometers".* FROM "thermometers"  WHERE "thermometers"."id" = ? LIMIT 1  [["id", 1]]
  [1m[36mCACHE (0.0ms)[0m  [1mSELECT  "thermometers".* FROM "thermometers"  WHERE "thermometers"."id" = ? LIMIT 1[0m  [["id", "1"]]
  Rendered thermometers/show.json.jbuilder (0.3ms)
Completed 200 OK in 3ms (Views: 2.1ms | ActiveRecord: 0.1ms)


Started GET "/thermometers/1.json" for 127.0.0.1 at 2015-03-26 12:33:54 -0400
Processing by ThermometersController#show as JSON
  Parameters: {"id"=>"1"}
  [1m[35mThermometer Load (0.1ms)[0m  SELECT  "thermometers".* FROM "thermometers"  WHERE "thermometers"."id" = ? LIMIT 1  [["id", 1]]
  [1m[36mCACHE (0.0ms)[0m  [1mSELECT  "thermometers".* FROM "thermometers"  WHERE "thermometers"."id" = ? LIMIT 1[0m  [["id", "1"]]
  Rendered thermometers/show.json.jbuilder (0.3ms)
Completed 200 OK in 34ms (Views: 32.6ms | ActiveRecord: 0.1ms)


Started GET "/thermometers/1.json" for 127.0.0.1 at 2015-03-26 13:02:06 -0400
Processing by ThermometersController#show as JSON
  Parameters: {"id"=>"1"}
  [1m[35mThermometer Load (6.9ms)[0m  SELECT  "thermometers".* FROM "thermometers"  WHERE "thermometers"."id" = ? LIMIT 1  [["id", 1]]
  [1m[36mCACHE (0.0ms)[0m  [1mSELECT  "thermometers".* FROM "thermometers"  WHERE "thermometers"."id" = ? LIMIT 1[0m  [["id", "1"]]
  Rendered thermometers/show.json.jbuilder (24.4ms)
Completed 200 OK in 381ms (Views: 91.0ms | ActiveRecord: 7.6ms)


Started GET "/thermometers/1.json" for 127.0.0.1 at 2015-03-26 13:02:08 -0400
Processing by ThermometersController#show as JSON
  Parameters: {"id"=>"1"}
  [1m[35mThermometer Load (0.1ms)[0m  SELECT  "thermometers".* FROM "thermometers"  WHERE "thermometers"."id" = ? LIMIT 1  [["id", 1]]
  [1m[36mCACHE (0.0ms)[0m  [1mSELECT  "thermometers".* FROM "thermometers"  WHERE "thermometers"."id" = ? LIMIT 1[0m  [["id", "1"]]
  Rendered thermometers/show.json.jbuilder (0.3ms)
Completed 200 OK in 17ms (Views: 15.4ms | ActiveRecord: 0.1ms)


Started GET "/thermometers/1.json" for 127.0.0.1 at 2015-03-26 13:11:10 -0400
Processing by ThermometersController#show as JSON
  Parameters: {"id"=>"1"}
  [1m[35mThermometer Load (0.1ms)[0m  SELECT  "thermometers".* FROM "thermometers"  WHERE "thermometers"."id" = ? LIMIT 1  [["id", 1]]
  [1m[36mCACHE (0.0ms)[0m  [1mSELECT  "thermometers".* FROM "thermometers"  WHERE "thermometers"."id" = ? LIMIT 1[0m  [["id", "1"]]
  Rendered thermometers/show.json.jbuilder (0.3ms)
Completed 200 OK in 39ms (Views: 19.0ms | ActiveRecord: 0.1ms)


Started GET "/thermometers/1.json" for 127.0.0.1 at 2015-03-26 13:13:21 -0400
Processing by ThermometersController#show as JSON
  Parameters: {"id"=>"1"}
  [1m[35mThermometer Load (0.3ms)[0m  SELECT  "thermometers".* FROM "thermometers"  WHERE "thermometers"."id" = ? LIMIT 1  [["id", 1]]
  [1m[36mCACHE (0.0ms)[0m  [1mSELECT  "thermometers".* FROM "thermometers"  WHERE "thermometers"."id" = ? LIMIT 1[0m  [["id", "1"]]
  Rendered thermometers/show.json.jbuilder (0.3ms)
Completed 200 OK in 20ms (Views: 17.9ms | ActiveRecord: 0.3ms)


Started GET "/" for 127.0.0.1 at 2015-03-26 13:18:06 -0400
Processing by Rails::WelcomeController#index as HTML
  Rendered /Users/adityanarayan/.rvm/gems/ruby-2.1.0/gems/railties-4.1.8/lib/rails/templates/rails/welcome/index.html.erb (147.5ms)
Completed 200 OK in 323ms (Views: 176.9ms | ActiveRecord: 0.0ms)


Started GET "/" for 127.0.0.1 at 2015-03-26 13:18:06 -0400
Processing by Rails::WelcomeController#index as HTML
  Rendered /Users/adityanarayan/.rvm/gems/ruby-2.1.0/gems/railties-4.1.8/lib/rails/templates/rails/welcome/index.html.erb (12.3ms)
Completed 200 OK in 65ms (Views: 58.1ms | ActiveRecord: 0.0ms)


Started GET "/thermometers" for 127.0.0.1 at 2015-03-26 13:18:12 -0400
Processing by ThermometersController#index as HTML
  [1m[35mThermometer Load (13.5ms)[0m  SELECT "thermometers".* FROM "thermometers"
  Rendered thermometers/index.html.erb within layouts/application (298.9ms)
Completed 200 OK in 7676ms (Views: 7611.1ms | ActiveRecord: 13.5ms)


Started GET "/assets/application.css?body=1" for 127.0.0.1 at 2015-03-26 13:18:19 -0400


Started GET "/assets/scaffolds.css?body=1" for 127.0.0.1 at 2015-03-26 13:18:19 -0400


Started GET "/assets/thermometers.css?body=1" for 127.0.0.1 at 2015-03-26 13:18:19 -0400


Started GET "/assets/jquery.js?body=1" for 127.0.0.1 at 2015-03-26 13:18:19 -0400


Started GET "/assets/application.js?body=1" for 127.0.0.1 at 2015-03-26 13:18:19 -0400


Started GET "/assets/thermometers.js?body=1" for 127.0.0.1 at 2015-03-26 13:18:19 -0400


Started GET "/assets/turbolinks.js?body=1" for 127.0.0.1 at 2015-03-26 13:18:19 -0400


Started GET "/assets/jquery_ujs.js?body=1" for 127.0.0.1 at 2015-03-26 13:18:20 -0400


Started GET "/thermometers/new" for 127.0.0.1 at 2015-03-26 13:18:23 -0400
Processing by ThermometersController#new as HTML
  Rendered thermometers/_form.html.erb (365.2ms)
  Rendered thermometers/new.html.erb within layouts/application (408.9ms)
Completed 200 OK in 471ms (Views: 470.6ms | ActiveRecord: 0.0ms)


Started POST "/thermometers" for 127.0.0.1 at 2015-03-26 13:18:27 -0400
Processing by ThermometersController#create as HTML
  Parameters: {"utf8"=>"✓", "authenticity_token"=>"m4VqRVXGTCHHfOPYDgrrWaQTChxdg9YCzKBKckpFpp8=", "thermometer"=>{"temperature"=>"5"}, "commit"=>"Create Thermometer"}
  [1m[36m (12.5ms)[0m  [1mbegin transaction[0m
  [1m[35mSQL (8.9ms)[0m  INSERT INTO "thermometers" ("created_at", "temperature", "updated_at") VALUES (?, ?, ?)  [["created_at", "2015-03-26 17:18:27.387454"], ["temperature", 5.0], ["updated_at", "2015-03-26 17:18:27.387454"]]
  [1m[36m (4.1ms)[0m  [1mcommit transaction[0m
Redirected to http://localhost:5000/thermometers/2
Completed 302 Found in 115ms (ActiveRecord: 25.6ms)


Started GET "/thermometers/2" for 127.0.0.1 at 2015-03-26 13:18:27 -0400
Processing by ThermometersController#show as HTML
  Parameters: {"id"=>"2"}
  [1m[35mThermometer Load (0.1ms)[0m  SELECT  "thermometers".* FROM "thermometers"  WHERE "thermometers"."id" = ? LIMIT 1  [["id", 2]]
  [1m[36mCACHE (0.0ms)[0m  [1mSELECT  "thermometers".* FROM "thermometers"  WHERE "thermometers"."id" = ? LIMIT 1[0m  [["id", "2"]]
  Rendered thermometers/show.html.erb within layouts/application (0.9ms)
Completed 200 OK in 509ms (Views: 507.2ms | ActiveRecord: 0.2ms)


Started GET "/assets/jquery_ujs.js?body=1" for 127.0.0.1 at 2015-03-26 13:18:28 -0400


Started GET "/assets/jquery.js?body=1" for 127.0.0.1 at 2015-03-26 13:18:28 -0400


Started GET "/assets/turbolinks.js?body=1" for 127.0.0.1 at 2015-03-26 13:18:28 -0400


Started GET "/assets/application.css?body=1" for 127.0.0.1 at 2015-03-26 13:18:28 -0400


Started GET "/assets/thermometers.css?body=1" for 127.0.0.1 at 2015-03-26 13:18:28 -0400


Started GET "/assets/application.js?body=1" for 127.0.0.1 at 2015-03-26 13:18:28 -0400


Started GET "/assets/scaffolds.css?body=1" for 127.0.0.1 at 2015-03-26 13:18:28 -0400


Started GET "/assets/thermometers.js?body=1" for 127.0.0.1 at 2015-03-26 13:18:28 -0400


Started GET "/thermometers" for 127.0.0.1 at 2015-03-26 13:18:29 -0400
Processing by ThermometersController#index as HTML
  [1m[35mThermometer Load (0.1ms)[0m  SELECT "thermometers".* FROM "thermometers"
  Rendered thermometers/index.html.erb within layouts/application (1.9ms)
Completed 200 OK in 1900ms (Views: 1899.5ms | ActiveRecord: 0.1ms)


Started GET "/thermometers/2.json" for 127.0.0.1 at 2015-03-26 13:18:48 -0400
Processing by ThermometersController#show as JSON
  Parameters: {"id"=>"2"}
  [1m[36mThermometer Load (0.1ms)[0m  [1mSELECT  "thermometers".* FROM "thermometers"  WHERE "thermometers"."id" = ? LIMIT 1[0m  [["id", 2]]
  [1m[35mCACHE (0.0ms)[0m  SELECT  "thermometers".* FROM "thermometers"  WHERE "thermometers"."id" = ? LIMIT 1  [["id", "2"]]
  Rendered thermometers/show.json.jbuilder (0.3ms)
Completed 200 OK in 16ms (Views: 15.1ms | ActiveRecord: 0.1ms)


Started GET "/thermometers/2.json" for 127.0.0.1 at 2015-03-26 13:19:39 -0400
Processing by ThermometersController#show as JSON
  Parameters: {"id"=>"2"}
  [1m[36mThermometer Load (0.1ms)[0m  [1mSELECT  "thermometers".* FROM "thermometers"  WHERE "thermometers"."id" = ? LIMIT 1[0m  [["id", 2]]
  [1m[35mCACHE (0.0ms)[0m  SELECT  "thermometers".* FROM "thermometers"  WHERE "thermometers"."id" = ? LIMIT 1  [["id", "2"]]
  Rendered thermometers/show.json.jbuilder (0.3ms)
Completed 200 OK in 4ms (Views: 2.2ms | ActiveRecord: 0.1ms)


Started GET "/thermometers/2.json" for 127.0.0.1 at 2015-03-26 13:19:54 -0400
Processing by ThermometersController#show as JSON
  Parameters: {"id"=>"2"}
  [1m[36mThermometer Load (0.1ms)[0m  [1mSELECT  "thermometers".* FROM "thermometers"  WHERE "thermometers"."id" = ? LIMIT 1[0m  [["id", 2]]
  [1m[35mCACHE (0.0ms)[0m  SELECT  "thermometers".* FROM "thermometers"  WHERE "thermometers"."id" = ? LIMIT 1  [["id", "2"]]
  Rendered thermometers/show.json.jbuilder (0.3ms)
Completed 200 OK in 3ms (Views: 2.0ms | ActiveRecord: 0.1ms)


Started GET "/thermometers/2.json" for 127.0.0.1 at 2015-03-26 13:20:18 -0400
Processing by ThermometersController#show as JSON
  Parameters: {"id"=>"2"}
  [1m[36mThermometer Load (0.1ms)[0m  [1mSELECT  "thermometers".* FROM "thermometers"  WHERE "thermometers"."id" = ? LIMIT 1[0m  [["id", 2]]
  [1m[35mCACHE (0.0ms)[0m  SELECT  "thermometers".* FROM "thermometers"  WHERE "thermometers"."id" = ? LIMIT 1  [["id", "2"]]
  Rendered thermometers/show.json.jbuilder (0.3ms)
Completed 200 OK in 3ms (Views: 2.1ms | ActiveRecord: 0.1ms)


Started GET "/thermometers/2.json" for 127.0.0.1 at 2015-03-26 13:20:35 -0400
Processing by ThermometersController#show as JSON
  Parameters: {"id"=>"2"}
  [1m[36mThermometer Load (0.1ms)[0m  [1mSELECT  "thermometers".* FROM "thermometers"  WHERE "thermometers"."id" = ? LIMIT 1[0m  [["id", 2]]
  [1m[35mCACHE (0.0ms)[0m  SELECT  "thermometers".* FROM "thermometers"  WHERE "thermometers"."id" = ? LIMIT 1  [["id", "2"]]
  Rendered thermometers/show.json.jbuilder (0.3ms)
Completed 200 OK in 4ms (Views: 2.3ms | ActiveRecord: 0.1ms)


Started GET "/thermometers/2.json" for 127.0.0.1 at 2015-03-26 13:21:17 -0400
Processing by ThermometersController#show as JSON
  Parameters: {"id"=>"2"}
  [1m[36mThermometer Load (0.1ms)[0m  [1mSELECT  "thermometers".* FROM "thermometers"  WHERE "thermometers"."id" = ? LIMIT 1[0m  [["id", 2]]
  [1m[35mCACHE (0.0ms)[0m  SELECT  "thermometers".* FROM "thermometers"  WHERE "thermometers"."id" = ? LIMIT 1  [["id", "2"]]
  Rendered thermometers/show.json.jbuilder (0.3ms)
Completed 200 OK in 3ms (Views: 2.0ms | ActiveRecord: 0.1ms)


Started GET "/thermometers/2.json" for 127.0.0.1 at 2015-03-26 13:21:31 -0400
Processing by ThermometersController#show as JSON
  Parameters: {"id"=>"2"}
  [1m[36mThermometer Load (0.1ms)[0m  [1mSELECT  "thermometers".* FROM "thermometers"  WHERE "thermometers"."id" = ? LIMIT 1[0m  [["id", 2]]
  [1m[35mCACHE (0.0ms)[0m  SELECT  "thermometers".* FROM "thermometers"  WHERE "thermometers"."id" = ? LIMIT 1  [["id", "2"]]
  Rendered thermometers/show.json.jbuilder (0.3ms)
Completed 200 OK in 3ms (Views: 2.0ms | ActiveRecord: 0.1ms)


Started GET "/thermometers/2.json" for 127.0.0.1 at 2015-03-26 13:23:02 -0400
Processing by ThermometersController#show as JSON
  Parameters: {"id"=>"2"}
  [1m[36mThermometer Load (0.1ms)[0m  [1mSELECT  "thermometers".* FROM "thermometers"  WHERE "thermometers"."id" = ? LIMIT 1[0m  [["id", 2]]
  [1m[35mCACHE (0.0ms)[0m  SELECT  "thermometers".* FROM "thermometers"  WHERE "thermometers"."id" = ? LIMIT 1  [["id", "2"]]
  Rendered thermometers/show.json.jbuilder (0.3ms)
Completed 200 OK in 4ms (Views: 2.3ms | ActiveRecord: 0.1ms)


Started GET "/thermometers/new" for 127.0.0.1 at 2015-03-26 13:23:45 -0400
Processing by ThermometersController#new as HTML
  Rendered thermometers/_form.html.erb (1.5ms)
  Rendered thermometers/new.html.erb within layouts/application (2.5ms)
Completed 200 OK in 62ms (Views: 61.5ms | ActiveRecord: 0.0ms)


Started GET "/thermometers" for 127.0.0.1 at 2015-03-26 13:23:47 -0400
Processing by ThermometersController#index as HTML
  [1m[36mThermometer Load (0.1ms)[0m  [1mSELECT "thermometers".* FROM "thermometers"[0m
  Rendered thermometers/index.html.erb within layouts/application (1.4ms)
Completed 200 OK in 60ms (Views: 58.9ms | ActiveRecord: 0.1ms)


Started GET "/thermometers/new" for 127.0.0.1 at 2015-03-26 13:23:48 -0400
Processing by ThermometersController#new as HTML
  Rendered thermometers/_form.html.erb (1.2ms)
  Rendered thermometers/new.html.erb within layouts/application (2.1ms)
Completed 200 OK in 39ms (Views: 38.0ms | ActiveRecord: 0.0ms)


Started POST "/thermometers" for 127.0.0.1 at 2015-03-26 13:23:51 -0400
Processing by ThermometersController#create as HTML
  Parameters: {"utf8"=>"✓", "authenticity_token"=>"m4VqRVXGTCHHfOPYDgrrWaQTChxdg9YCzKBKckpFpp8=", "thermometer"=>{"temperature"=>"10"}, "commit"=>"Create Thermometer"}
  [1m[35m (0.1ms)[0m  begin transaction
  [1m[36mSQL (0.5ms)[0m  [1mINSERT INTO "thermometers" ("created_at", "temperature", "updated_at") VALUES (?, ?, ?)[0m  [["created_at", "2015-03-26 17:23:51.473163"], ["temperature", 10.0], ["updated_at", "2015-03-26 17:23:51.473163"]]
  [1m[35m (60.9ms)[0m  commit transaction
Redirected to http://localhost:5000/thermometers/3
Completed 302 Found in 64ms (ActiveRecord: 61.5ms)


Started GET "/thermometers/3" for 127.0.0.1 at 2015-03-26 13:23:51 -0400
Processing by ThermometersController#show as HTML
  Parameters: {"id"=>"3"}
  [1m[36mThermometer Load (0.1ms)[0m  [1mSELECT  "thermometers".* FROM "thermometers"  WHERE "thermometers"."id" = ? LIMIT 1[0m  [["id", 3]]
  [1m[35mCACHE (0.0ms)[0m  SELECT  "thermometers".* FROM "thermometers"  WHERE "thermometers"."id" = ? LIMIT 1  [["id", "3"]]
  Rendered thermometers/show.html.erb within layouts/application (0.3ms)
Completed 200 OK in 125ms (Views: 103.7ms | ActiveRecord: 0.2ms)


Started GET "/assets/scaffolds.css?body=1" for 127.0.0.1 at 2015-03-26 13:23:51 -0400


Started GET "/assets/application.css?body=1" for 127.0.0.1 at 2015-03-26 13:23:51 -0400


Started GET "/assets/thermometers.css?body=1" for 127.0.0.1 at 2015-03-26 13:23:51 -0400


Started GET "/assets/jquery.js?body=1" for 127.0.0.1 at 2015-03-26 13:23:51 -0400


Started GET "/assets/jquery_ujs.js?body=1" for 127.0.0.1 at 2015-03-26 13:23:51 -0400


Started GET "/assets/thermometers.js?body=1" for 127.0.0.1 at 2015-03-26 13:23:51 -0400


Started GET "/assets/application.js?body=1" for 127.0.0.1 at 2015-03-26 13:23:51 -0400


Started GET "/assets/turbolinks.js?body=1" for 127.0.0.1 at 2015-03-26 13:23:51 -0400


Started GET "/thermometers" for 127.0.0.1 at 2015-03-26 13:23:53 -0400
Processing by ThermometersController#index as HTML
  [1m[36mThermometer Load (0.1ms)[0m  [1mSELECT "thermometers".* FROM "thermometers"[0m
  Rendered thermometers/index.html.erb within layouts/application (1.8ms)
Completed 200 OK in 42ms (Views: 41.6ms | ActiveRecord: 0.1ms)


Started GET "/thermometers/3.json" for 127.0.0.1 at 2015-03-26 13:24:08 -0400
Processing by ThermometersController#show as JSON
  Parameters: {"id"=>"3"}
  [1m[35mThermometer Load (0.1ms)[0m  SELECT  "thermometers".* FROM "thermometers"  WHERE "thermometers"."id" = ? LIMIT 1  [["id", 3]]
  [1m[36mCACHE (0.0ms)[0m  [1mSELECT  "thermometers".* FROM "thermometers"  WHERE "thermometers"."id" = ? LIMIT 1[0m  [["id", "3"]]
  Rendered thermometers/show.json.jbuilder (0.3ms)
Completed 200 OK in 4ms (Views: 2.1ms | ActiveRecord: 0.1ms)


Started GET "/thermometers/new" for 127.0.0.1 at 2015-03-26 13:25:50 -0400
Processing by ThermometersController#new as HTML
  Rendered thermometers/_form.html.erb (1.3ms)
  Rendered thermometers/new.html.erb within layouts/application (2.2ms)
Completed 200 OK in 63ms (Views: 62.2ms | ActiveRecord: 0.0ms)


Started POST "/thermometers" for 127.0.0.1 at 2015-03-26 13:25:55 -0400
Processing by ThermometersController#create as HTML
  Parameters: {"utf8"=>"✓", "authenticity_token"=>"m4VqRVXGTCHHfOPYDgrrWaQTChxdg9YCzKBKckpFpp8=", "thermometer"=>{"temperature"=>"20"}, "commit"=>"Create Thermometer"}
  [1m[35m (0.1ms)[0m  begin transaction
  [1m[36mSQL (0.3ms)[0m  [1mINSERT INTO "thermometers" ("created_at", "temperature", "updated_at") VALUES (?, ?, ?)[0m  [["created_at", "2015-03-26 17:25:55.727033"], ["temperature", 20.0], ["updated_at", "2015-03-26 17:25:55.727033"]]
  [1m[35m (5.3ms)[0m  commit transaction
Redirected to http://localhost:5000/thermometers/4
Completed 302 Found in 8ms (ActiveRecord: 5.6ms)


Started GET "/thermometers/4" for 127.0.0.1 at 2015-03-26 13:25:55 -0400
Processing by ThermometersController#show as HTML
  Parameters: {"id"=>"4"}
  [1m[36mThermometer Load (0.1ms)[0m  [1mSELECT  "thermometers".* FROM "thermometers"  WHERE "thermometers"."id" = ? LIMIT 1[0m  [["id", 4]]
  [1m[35mCACHE (0.0ms)[0m  SELECT  "thermometers".* FROM "thermometers"  WHERE "thermometers"."id" = ? LIMIT 1  [["id", "4"]]
  Rendered thermometers/show.html.erb within layouts/application (0.4ms)
Completed 200 OK in 46ms (Views: 44.6ms | ActiveRecord: 0.1ms)


Started GET "/assets/scaffolds.css?body=1" for 127.0.0.1 at 2015-03-26 13:25:55 -0400


Started GET "/assets/thermometers.css?body=1" for 127.0.0.1 at 2015-03-26 13:25:55 -0400


Started GET "/assets/jquery_ujs.js?body=1" for 127.0.0.1 at 2015-03-26 13:25:55 -0400


Started GET "/assets/jquery.js?body=1" for 127.0.0.1 at 2015-03-26 13:25:55 -0400


Started GET "/assets/application.css?body=1" for 127.0.0.1 at 2015-03-26 13:25:55 -0400


Started GET "/assets/turbolinks.js?body=1" for 127.0.0.1 at 2015-03-26 13:25:55 -0400


Started GET "/assets/thermometers.js?body=1" for 127.0.0.1 at 2015-03-26 13:25:55 -0400


Started GET "/assets/application.js?body=1" for 127.0.0.1 at 2015-03-26 13:25:55 -0400


Started GET "/thermometers/4.json" for 127.0.0.1 at 2015-03-26 13:37:09 -0400
  [1m[36mActiveRecord::SchemaMigration Load (0.4ms)[0m  [1mSELECT "schema_migrations".* FROM "schema_migrations"[0m
Processing by ThermometersController#show as JSON
  Parameters: {"id"=>"4"}
  [1m[35mThermometer Load (10.7ms)[0m  SELECT  "thermometers".* FROM "thermometers"  WHERE "thermometers"."id" = ? LIMIT 1  [["id", 4]]
  [1m[36mCACHE (0.0ms)[0m  [1mSELECT  "thermometers".* FROM "thermometers"  WHERE "thermometers"."id" = ? LIMIT 1[0m  [["id", "4"]]
  Rendered thermometers/show.json.jbuilder (2.2ms)
Completed 200 OK in 107ms (Views: 62.3ms | ActiveRecord: 11.0ms)


Started GET "/thermometers/4.json" for 127.0.0.1 at 2015-03-26 13:38:05 -0400
Processing by ThermometersController#show as JSON
  Parameters: {"id"=>"4"}
  [1m[35mThermometer Load (0.1ms)[0m  SELECT  "thermometers".* FROM "thermometers"  WHERE "thermometers"."id" = ? LIMIT 1  [["id", 4]]
  [1m[36mCACHE (0.0ms)[0m  [1mSELECT  "thermometers".* FROM "thermometers"  WHERE "thermometers"."id" = ? LIMIT 1[0m  [["id", "4"]]
  Rendered thermometers/show.json.jbuilder (0.3ms)
Completed 200 OK in 4ms (Views: 2.1ms | ActiveRecord: 0.1ms)


Started GET "/thermometers/4.json" for 127.0.0.1 at 2015-03-26 13:39:14 -0400
Processing by ThermometersController#show as JSON
  Parameters: {"id"=>"4"}
  [1m[35mThermometer Load (8.0ms)[0m  SELECT  "thermometers".* FROM "thermometers"  WHERE "thermometers"."id" = ? LIMIT 1  [["id", 4]]
  [1m[36mCACHE (0.0ms)[0m  [1mSELECT  "thermometers".* FROM "thermometers"  WHERE "thermometers"."id" = ? LIMIT 1[0m  [["id", "4"]]
  Rendered thermometers/show.json.jbuilder (0.3ms)
Completed 200 OK in 37ms (Views: 27.4ms | ActiveRecord: 8.0ms)


Started GET "/thermometers/4.json" for 127.0.0.1 at 2015-03-26 13:40:27 -0400
Processing by ThermometersController#show as JSON
  Parameters: {"id"=>"4"}
  [1m[35mThermometer Load (0.4ms)[0m  SELECT  "thermometers".* FROM "thermometers"  WHERE "thermometers"."id" = ? LIMIT 1  [["id", 4]]
  [1m[36mCACHE (0.0ms)[0m  [1mSELECT  "thermometers".* FROM "thermometers"  WHERE "thermometers"."id" = ? LIMIT 1[0m  [["id", "4"]]
  Rendered thermometers/show.json.jbuilder (0.3ms)
Completed 200 OK in 18ms (Views: 16.0ms | ActiveRecord: 0.4ms)


Started GET "/thermometers/4.json" for 127.0.0.1 at 2015-03-26 13:41:03 -0400
Processing by ThermometersController#show as JSON
  Parameters: {"id"=>"4"}
  [1m[35mThermometer Load (0.1ms)[0m  SELECT  "thermometers".* FROM "thermometers"  WHERE "thermometers"."id" = ? LIMIT 1  [["id", 4]]
  [1m[36mCACHE (0.0ms)[0m  [1mSELECT  "thermometers".* FROM "thermometers"  WHERE "thermometers"."id" = ? LIMIT 1[0m  [["id", "4"]]
  Rendered thermometers/show.json.jbuilder (0.3ms)
Completed 200 OK in 3ms (Views: 2.1ms | ActiveRecord: 0.1ms)


Started GET "/thermometers/4.json" for 127.0.0.1 at 2015-03-26 14:57:16 -0400
  [1m[36mActiveRecord::SchemaMigration Load (1.9ms)[0m  [1mSELECT "schema_migrations".* FROM "schema_migrations"[0m
Processing by ThermometersController#show as JSON
  Parameters: {"id"=>"4"}
  [1m[35mThermometer Load (10.3ms)[0m  SELECT  "thermometers".* FROM "thermometers"  WHERE "thermometers"."id" = ? LIMIT 1  [["id", 4]]
  [1m[36mCACHE (0.0ms)[0m  [1mSELECT  "thermometers".* FROM "thermometers"  WHERE "thermometers"."id" = ? LIMIT 1[0m  [["id", "4"]]
  Rendered thermometers/show.json.jbuilder (9.0ms)
Completed 200 OK in 114ms (Views: 58.2ms | ActiveRecord: 10.6ms)


Started GET "/thermometers/" for 127.0.0.1 at 2015-03-26 14:57:19 -0400
Processing by ThermometersController#index as HTML
  [1m[35mThermometer Load (0.2ms)[0m  SELECT "thermometers".* FROM "thermometers"
  Rendered thermometers/index.html.erb within layouts/application (13.0ms)
Completed 200 OK in 369ms (Views: 368.3ms | ActiveRecord: 0.2ms)


Started GET "/assets/application.css?body=1" for 127.0.0.1 at 2015-03-26 14:57:19 -0400


Started GET "/assets/jquery.js?body=1" for 127.0.0.1 at 2015-03-26 14:57:19 -0400


Started GET "/assets/scaffolds.css?body=1" for 127.0.0.1 at 2015-03-26 14:57:19 -0400


Started GET "/assets/thermometers.js?body=1" for 127.0.0.1 at 2015-03-26 14:57:19 -0400


Started GET "/assets/thermometers.css?body=1" for 127.0.0.1 at 2015-03-26 14:57:19 -0400


Started GET "/assets/application.js?body=1" for 127.0.0.1 at 2015-03-26 14:57:19 -0400


Started GET "/assets/jquery_ujs.js?body=1" for 127.0.0.1 at 2015-03-26 14:57:19 -0400


Started GET "/assets/turbolinks.js?body=1" for 127.0.0.1 at 2015-03-26 14:57:19 -0400


Started GET "/thermometers/new" for 127.0.0.1 at 2015-03-26 14:57:22 -0400
Processing by ThermometersController#new as HTML
  Rendered thermometers/_form.html.erb (181.8ms)
  Rendered thermometers/new.html.erb within layouts/application (221.1ms)
Completed 200 OK in 292ms (Views: 291.3ms | ActiveRecord: 0.0ms)


Started POST "/thermometers" for 127.0.0.1 at 2015-03-26 14:57:27 -0400
Processing by ThermometersController#create as HTML
  Parameters: {"utf8"=>"✓", "authenticity_token"=>"m4VqRVXGTCHHfOPYDgrrWaQTChxdg9YCzKBKckpFpp8=", "thermometer"=>{"temperature"=>"10000"}, "commit"=>"Create Thermometer"}
  [1m[36m (0.1ms)[0m  [1mbegin transaction[0m
  [1m[35mSQL (22.6ms)[0m  INSERT INTO "thermometers" ("created_at", "temperature", "updated_at") VALUES (?, ?, ?)  [["created_at", "2015-03-26 18:57:27.851630"], ["temperature", 10000.0], ["updated_at", "2015-03-26 18:57:27.851630"]]
  [1m[36m (147.3ms)[0m  [1mcommit transaction[0m
Redirected to http://localhost:5000/thermometers/5
Completed 302 Found in 175ms (ActiveRecord: 170.0ms)


Started GET "/thermometers/5" for 127.0.0.1 at 2015-03-26 14:57:28 -0400
Processing by ThermometersController#show as HTML
  Parameters: {"id"=>"5"}
  [1m[35mThermometer Load (0.1ms)[0m  SELECT  "thermometers".* FROM "thermometers"  WHERE "thermometers"."id" = ? LIMIT 1  [["id", 5]]
  [1m[36mCACHE (0.0ms)[0m  [1mSELECT  "thermometers".* FROM "thermometers"  WHERE "thermometers"."id" = ? LIMIT 1[0m  [["id", "5"]]
  Rendered thermometers/show.html.erb within layouts/application (0.9ms)
Completed 200 OK in 72ms (Views: 69.9ms | ActiveRecord: 0.2ms)


Started GET "/assets/thermometers.css?body=1" for 127.0.0.1 at 2015-03-26 14:57:28 -0400


Started GET "/assets/application.css?body=1" for 127.0.0.1 at 2015-03-26 14:57:28 -0400


Started GET "/assets/scaffolds.css?body=1" for 127.0.0.1 at 2015-03-26 14:57:28 -0400


Started GET "/assets/jquery.js?body=1" for 127.0.0.1 at 2015-03-26 14:57:28 -0400


Started GET "/assets/jquery_ujs.js?body=1" for 127.0.0.1 at 2015-03-26 14:57:28 -0400


Started GET "/assets/thermometers.js?body=1" for 127.0.0.1 at 2015-03-26 14:57:28 -0400


Started GET "/assets/application.js?body=1" for 127.0.0.1 at 2015-03-26 14:57:28 -0400


Started GET "/assets/turbolinks.js?body=1" for 127.0.0.1 at 2015-03-26 14:57:28 -0400


Started GET "/thermometers" for 127.0.0.1 at 2015-03-26 14:57:29 -0400
Processing by ThermometersController#index as HTML
  [1m[35mThermometer Load (0.2ms)[0m  SELECT "thermometers".* FROM "thermometers"
  Rendered thermometers/index.html.erb within layouts/application (3.1ms)
Completed 200 OK in 62ms (Views: 61.7ms | ActiveRecord: 0.2ms)


Started GET "/thermometers/5" for 127.0.0.1 at 2015-03-26 14:57:32 -0400
Processing by ThermometersController#show as HTML
  Parameters: {"id"=>"5"}
  [1m[36mThermometer Load (0.1ms)[0m  [1mSELECT  "thermometers".* FROM "thermometers"  WHERE "thermometers"."id" = ? LIMIT 1[0m  [["id", 5]]
  [1m[35mCACHE (0.0ms)[0m  SELECT  "thermometers".* FROM "thermometers"  WHERE "thermometers"."id" = ? LIMIT 1  [["id", "5"]]
  Rendered thermometers/show.html.erb within layouts/application (0.4ms)
Completed 200 OK in 77ms (Views: 75.3ms | ActiveRecord: 0.1ms)


Started GET "/thermometers/5" for 127.0.0.1 at 2015-03-26 14:57:49 -0400
Processing by ThermometersController#show as HTML
  Parameters: {"id"=>"5"}
  [1m[36mThermometer Load (0.1ms)[0m  [1mSELECT  "thermometers".* FROM "thermometers"  WHERE "thermometers"."id" = ? LIMIT 1[0m  [["id", 5]]
  [1m[35mCACHE (0.0ms)[0m  SELECT  "thermometers".* FROM "thermometers"  WHERE "thermometers"."id" = ? LIMIT 1  [["id", "5"]]
  Rendered thermometers/show.html.erb within layouts/application (0.4ms)
Completed 200 OK in 43ms (Views: 41.2ms | ActiveRecord: 0.1ms)


Started GET "/assets/scaffolds.css?body=1" for 127.0.0.1 at 2015-03-26 14:57:49 -0400


Started GET "/assets/thermometers.css?body=1" for 127.0.0.1 at 2015-03-26 14:57:49 -0400


Started GET "/assets/jquery.js?body=1" for 127.0.0.1 at 2015-03-26 14:57:49 -0400


Started GET "/assets/turbolinks.js?body=1" for 127.0.0.1 at 2015-03-26 14:57:49 -0400


Started GET "/assets/application.css?body=1" for 127.0.0.1 at 2015-03-26 14:57:49 -0400


Started GET "/assets/jquery_ujs.js?body=1" for 127.0.0.1 at 2015-03-26 14:57:49 -0400


Started GET "/assets/application.js?body=1" for 127.0.0.1 at 2015-03-26 14:57:49 -0400


Started GET "/assets/thermometers.js?body=1" for 127.0.0.1 at 2015-03-26 14:57:49 -0400


Started GET "/thermometers/5" for 127.0.0.1 at 2015-03-26 14:57:59 -0400
Processing by ThermometersController#show as HTML
  Parameters: {"id"=>"5"}
  [1m[36mThermometer Load (0.1ms)[0m  [1mSELECT  "thermometers".* FROM "thermometers"  WHERE "thermometers"."id" = ? LIMIT 1[0m  [["id", 5]]
  [1m[35mCACHE (0.0ms)[0m  SELECT  "thermometers".* FROM "thermometers"  WHERE "thermometers"."id" = ? LIMIT 1  [["id", "5"]]
  Rendered thermometers/show.html.erb within layouts/application (0.4ms)
Completed 200 OK in 50ms (Views: 47.9ms | ActiveRecord: 0.1ms)


Started GET "/assets/thermometers.css?body=1" for 127.0.0.1 at 2015-03-26 14:57:59 -0400


Started GET "/assets/application.css?body=1" for 127.0.0.1 at 2015-03-26 14:57:59 -0400


Started GET "/assets/jquery_ujs.js?body=1" for 127.0.0.1 at 2015-03-26 14:57:59 -0400


Started GET "/assets/turbolinks.js?body=1" for 127.0.0.1 at 2015-03-26 14:57:59 -0400


Started GET "/assets/jquery.js?body=1" for 127.0.0.1 at 2015-03-26 14:57:59 -0400


Started GET "/assets/scaffolds.css?body=1" for 127.0.0.1 at 2015-03-26 14:57:59 -0400


Started GET "/assets/thermometers.js?body=1" for 127.0.0.1 at 2015-03-26 14:57:59 -0400


Started GET "/assets/application.js?body=1" for 127.0.0.1 at 2015-03-26 14:57:59 -0400


Started GET "/thermometers/5.json" for 127.0.0.1 at 2015-03-26 14:58:28 -0400
Processing by ThermometersController#show as JSON
  Parameters: {"id"=>"5"}
  [1m[36mThermometer Load (0.2ms)[0m  [1mSELECT  "thermometers".* FROM "thermometers"  WHERE "thermometers"."id" = ? LIMIT 1[0m  [["id", 5]]
  [1m[35mCACHE (0.0ms)[0m  SELECT  "thermometers".* FROM "thermometers"  WHERE "thermometers"."id" = ? LIMIT 1  [["id", "5"]]
  Rendered thermometers/show.json.jbuilder (0.3ms)
Completed 200 OK in 19ms (Views: 17.8ms | ActiveRecord: 0.2ms)


Started GET "/thermometers/5.json" for 127.0.0.1 at 2015-03-26 14:59:04 -0400
Processing by ThermometersController#show as JSON
  Parameters: {"id"=>"5"}
  [1m[36mThermometer Load (0.1ms)[0m  [1mSELECT  "thermometers".* FROM "thermometers"  WHERE "thermometers"."id" = ? LIMIT 1[0m  [["id", 5]]
  [1m[35mCACHE (0.0ms)[0m  SELECT  "thermometers".* FROM "thermometers"  WHERE "thermometers"."id" = ? LIMIT 1  [["id", "5"]]
  Rendered thermometers/show.json.jbuilder (0.3ms)
Completed 200 OK in 4ms (Views: 2.1ms | ActiveRecord: 0.1ms)


Started GET "/thermometers/5.json" for 127.0.0.1 at 2015-03-26 15:00:04 -0400
Processing by ThermometersController#show as JSON
  Parameters: {"id"=>"5"}
  [1m[36mThermometer Load (0.1ms)[0m  [1mSELECT  "thermometers".* FROM "thermometers"  WHERE "thermometers"."id" = ? LIMIT 1[0m  [["id", 5]]
  [1m[35mCACHE (0.0ms)[0m  SELECT  "thermometers".* FROM "thermometers"  WHERE "thermometers"."id" = ? LIMIT 1  [["id", "5"]]
  Rendered thermometers/show.json.jbuilder (0.3ms)
Completed 200 OK in 4ms (Views: 2.3ms | ActiveRecord: 0.1ms)


Started GET "/thermometers/1.json" for 127.0.0.1 at 2015-03-26 15:01:03 -0400
Processing by ThermometersController#show as JSON
  Parameters: {"id"=>"1"}
  [1m[36mThermometer Load (0.1ms)[0m  [1mSELECT  "thermometers".* FROM "thermometers"  WHERE "thermometers"."id" = ? LIMIT 1[0m  [["id", 1]]
  [1m[35mCACHE (0.0ms)[0m  SELECT  "thermometers".* FROM "thermometers"  WHERE "thermometers"."id" = ? LIMIT 1  [["id", "1"]]
  Rendered thermometers/show.json.jbuilder (0.3ms)
Completed 200 OK in 3ms (Views: 2.1ms | ActiveRecord: 0.1ms)


Started GET "/thermometers/1.json" for 127.0.0.1 at 2015-03-26 15:02:03 -0400
Processing by ThermometersController#show as JSON
  Parameters: {"id"=>"1"}
  [1m[36mThermometer Load (0.1ms)[0m  [1mSELECT  "thermometers".* FROM "thermometers"  WHERE "thermometers"."id" = ? LIMIT 1[0m  [["id", 1]]
  [1m[35mCACHE (0.0ms)[0m  SELECT  "thermometers".* FROM "thermometers"  WHERE "thermometers"."id" = ? LIMIT 1  [["id", "1"]]
  Rendered thermometers/show.json.jbuilder (0.3ms)
Completed 200 OK in 3ms (Views: 2.0ms | ActiveRecord: 0.1ms)


Started GET "/thermometers/1.json" for 127.0.0.1 at 2015-03-26 15:03:03 -0400
Processing by ThermometersController#show as JSON
  Parameters: {"id"=>"1"}
  [1m[36mThermometer Load (0.1ms)[0m  [1mSELECT  "thermometers".* FROM "thermometers"  WHERE "thermometers"."id" = ? LIMIT 1[0m  [["id", 1]]
  [1m[35mCACHE (0.0ms)[0m  SELECT  "thermometers".* FROM "thermometers"  WHERE "thermometers"."id" = ? LIMIT 1  [["id", "1"]]
  Rendered thermometers/show.json.jbuilder (0.3ms)
Completed 200 OK in 4ms (Views: 2.3ms | ActiveRecord: 0.1ms)


Started GET "/thermometers/1.json" for 127.0.0.1 at 2015-03-26 15:04:03 -0400
Processing by ThermometersController#show as JSON
  Parameters: {"id"=>"1"}
  [1m[36mThermometer Load (0.1ms)[0m  [1mSELECT  "thermometers".* FROM "thermometers"  WHERE "thermometers"."id" = ? LIMIT 1[0m  [["id", 1]]
  [1m[35mCACHE (0.0ms)[0m  SELECT  "thermometers".* FROM "thermometers"  WHERE "thermometers"."id" = ? LIMIT 1  [["id", "1"]]
  Rendered thermometers/show.json.jbuilder (0.3ms)
Completed 200 OK in 4ms (Views: 2.1ms | ActiveRecord: 0.1ms)


Started GET "/thermometers/1.json" for 127.0.0.1 at 2015-03-26 15:05:03 -0400
Processing by ThermometersController#show as JSON
  Parameters: {"id"=>"1"}
  [1m[36mThermometer Load (0.1ms)[0m  [1mSELECT  "thermometers".* FROM "thermometers"  WHERE "thermometers"."id" = ? LIMIT 1[0m  [["id", 1]]
  [1m[35mCACHE (0.0ms)[0m  SELECT  "thermometers".* FROM "thermometers"  WHERE "thermometers"."id" = ? LIMIT 1  [["id", "1"]]
  Rendered thermometers/show.json.jbuilder (0.3ms)
Completed 200 OK in 3ms (Views: 2.1ms | ActiveRecord: 0.1ms)
