# Logfile created on 2015-03-25 17:51:19 -0400 by logger.rb/44203
I, [2015-03-25T17:51:19.944758 #156]  INFO -- : 0:  rake (10.4.2) from /Users/adityanarayan/.rvm/gems/ruby-2.1.0/specifications/rake-10.4.2.gemspec
I, [2015-03-25T17:51:19.945104 #156]  INFO -- : 0:  i18n (0.7.0) from /Users/adityanarayan/.rvm/gems/ruby-2.1.0/specifications/i18n-0.7.0.gemspec
I, [2015-03-25T17:51:19.945361 #156]  INFO -- : 0:  json (1.8.2) from /Users/adityanarayan/.rvm/gems/ruby-2.1.0/specifications/json-1.8.2.gemspec
I, [2015-03-25T17:51:19.945633 #156]  INFO -- : 0:  minitest (5.5.1) from /Users/adityanarayan/.rvm/gems/ruby-2.1.0/specifications/minitest-5.5.1.gemspec
I, [2015-03-25T17:51:19.945905 #156]  INFO -- : 0:  thread_safe (0.3.5) from /Users/adityanarayan/.rvm/gems/ruby-2.1.0/specifications/thread_safe-0.3.5.gemspec
I, [2015-03-25T17:51:19.946157 #156]  INFO -- : 0:  tzinfo (1.2.2) from /Users/adityanarayan/.rvm/gems/ruby-2.1.0/specifications/tzinfo-1.2.2.gemspec
I, [2015-03-25T17:51:19.946408 #156]  INFO -- : 0:  activesupport (4.1.8) from /Users/adityanarayan/.rvm/gems/ruby-2.1.0/specifications/activesupport-4.1.8.gemspec
I, [2015-03-25T17:51:19.946649 #156]  INFO -- : 0:  builder (3.2.2) from /Users/adityanarayan/.rvm/gems/ruby-2.1.0/specifications/builder-3.2.2.gemspec
I, [2015-03-25T17:51:19.946895 #156]  INFO -- : 0:  erubis (2.7.0) from /Users/adityanarayan/.rvm/gems/ruby-2.1.0/specifications/erubis-2.7.0.gemspec
I, [2015-03-25T17:51:19.947153 #156]  INFO -- : 0:  actionview (4.1.8) from /Users/adityanarayan/.rvm/gems/ruby-2.1.0/specifications/actionview-4.1.8.gemspec
I, [2015-03-25T17:51:19.947399 #156]  INFO -- : 0:  rack (1.5.2) from /Users/adityanarayan/.rvm/gems/ruby-2.1.0/specifications/rack-1.5.2.gemspec
I, [2015-03-25T17:51:19.947633 #156]  INFO -- : 0:  rack-test (0.6.3) from /Users/adityanarayan/.rvm/gems/ruby-2.1.0/specifications/rack-test-0.6.3.gemspec
I, [2015-03-25T17:51:19.947878 #156]  INFO -- : 0:  actionpack (4.1.8) from /Users/adityanarayan/.rvm/gems/ruby-2.1.0/specifications/actionpack-4.1.8.gemspec
I, [2015-03-25T17:51:19.948124 #156]  INFO -- : 0:  mime-types (2.4.3) from /Users/adityanarayan/.rvm/gems/ruby-2.1.0/specifications/mime-types-2.4.3.gemspec
I, [2015-03-25T17:51:19.948638 #156]  INFO -- : 0:  mail (2.6.3) from /Users/adityanarayan/.rvm/gems/ruby-2.1.0/specifications/mail-2.6.3.gemspec
I, [2015-03-25T17:51:19.948886 #156]  INFO -- : 0:  actionmailer (4.1.8) from /Users/adityanarayan/.rvm/gems/ruby-2.1.0/specifications/actionmailer-4.1.8.gemspec
I, [2015-03-25T17:51:19.949132 #156]  INFO -- : 0:  activemodel (4.1.8) from /Users/adityanarayan/.rvm/gems/ruby-2.1.0/specifications/activemodel-4.1.8.gemspec
I, [2015-03-25T17:51:19.949370 #156]  INFO -- : 0:  arel (5.0.1.20140414130214) from /Users/adityanarayan/.rvm/gems/ruby-2.1.0/specifications/arel-5.0.1.20140414130214.gemspec
I, [2015-03-25T17:51:19.949626 #156]  INFO -- : 0:  activerecord (4.1.8) from /Users/adityanarayan/.rvm/gems/ruby-2.1.0/specifications/activerecord-4.1.8.gemspec
I, [2015-03-25T17:51:19.949880 #156]  INFO -- : 0:  bundler (1.5.1) from /Users/adityanarayan/.rvm/gems/ruby-2.1.0@global/specifications/bundler-1.5.1.gemspec
I, [2015-03-25T17:51:19.950144 #156]  INFO -- : 0:  coffee-script-source (1.9.1) from /Users/adityanarayan/.rvm/gems/ruby-2.1.0/specifications/coffee-script-source-1.9.1.gemspec
I, [2015-03-25T17:51:19.950425 #156]  INFO -- : 0:  execjs (2.4.0) from /Users/adityanarayan/.rvm/gems/ruby-2.1.0/specifications/execjs-2.4.0.gemspec
I, [2015-03-25T17:51:19.950654 #156]  INFO -- : 0:  coffee-script (2.3.0) from /Users/adityanarayan/.rvm/gems/ruby-2.1.0/specifications/coffee-script-2.3.0.gemspec
I, [2015-03-25T17:51:19.950877 #156]  INFO -- : 0:  thor (0.19.1) from /Users/adityanarayan/.rvm/gems/ruby-2.1.0/specifications/thor-0.19.1.gemspec
I, [2015-03-25T17:51:19.951132 #156]  INFO -- : 0:  railties (4.1.8) from /Users/adityanarayan/.rvm/gems/ruby-2.1.0/specifications/railties-4.1.8.gemspec
I, [2015-03-25T17:51:19.951378 #156]  INFO -- : 0:  coffee-rails (4.0.1) from /Users/adityanarayan/.rvm/gems/ruby-2.1.0/specifications/coffee-rails-4.0.1.gemspec
I, [2015-03-25T17:51:19.951632 #156]  INFO -- : 0:  hike (1.2.3) from /Users/adityanarayan/.rvm/gems/ruby-2.1.0/specifications/hike-1.2.3.gemspec
I, [2015-03-25T17:51:19.951891 #156]  INFO -- : 0:  multi_json (1.11.0) from /Users/adityanarayan/.rvm/gems/ruby-2.1.0/specifications/multi_json-1.11.0.gemspec
I, [2015-03-25T17:51:19.952154 #156]  INFO -- : 0:  jbuilder (2.2.12) from /Users/adityanarayan/.rvm/gems/ruby-2.1.0/specifications/jbuilder-2.2.12.gemspec
I, [2015-03-25T17:51:19.952429 #156]  INFO -- : 0:  jquery-rails (3.1.2) from /Users/adityanarayan/.rvm/gems/ruby-2.1.0/specifications/jquery-rails-3.1.2.gemspec
I, [2015-03-25T17:51:19.952677 #156]  INFO -- : 0:  tilt (1.4.1) from /Users/adityanarayan/.rvm/gems/ruby-2.1.0/specifications/tilt-1.4.1.gemspec
I, [2015-03-25T17:51:19.952922 #156]  INFO -- : 0:  sprockets (2.12.3) from /Users/adityanarayan/.rvm/gems/ruby-2.1.0/specifications/sprockets-2.12.3.gemspec
I, [2015-03-25T17:51:19.953182 #156]  INFO -- : 0:  sprockets-rails (2.2.4) from /Users/adityanarayan/.rvm/gems/ruby-2.1.0/specifications/sprockets-rails-2.2.4.gemspec
I, [2015-03-25T17:51:19.953439 #156]  INFO -- : 0:  rails (4.1.8) from /Users/adityanarayan/.rvm/gems/ruby-2.1.0/specifications/rails-4.1.8.gemspec
I, [2015-03-25T17:51:19.953695 #156]  INFO -- : 0:  rdoc (4.2.0) from /Users/adityanarayan/.rvm/gems/ruby-2.1.0/specifications/rdoc-4.2.0.gemspec
I, [2015-03-25T17:51:19.953943 #156]  INFO -- : 0:  sass (3.2.19) from /Users/adityanarayan/.rvm/gems/ruby-2.1.0/specifications/sass-3.2.19.gemspec
I, [2015-03-25T17:51:19.954200 #156]  INFO -- : 0:  sass-rails (4.0.5) from /Users/adityanarayan/.rvm/gems/ruby-2.1.0/specifications/sass-rails-4.0.5.gemspec
I, [2015-03-25T17:51:19.954442 #156]  INFO -- : 0:  sdoc (0.4.1) from /Users/adityanarayan/.rvm/gems/ruby-2.1.0/specifications/sdoc-0.4.1.gemspec
I, [2015-03-25T17:51:19.954699 #156]  INFO -- : 0:  spring (1.3.3) from /Users/adityanarayan/.rvm/gems/ruby-2.1.0/specifications/spring-1.3.3.gemspec
I, [2015-03-25T17:51:19.954947 #156]  INFO -- : 0:  sqlite3 (1.3.10) from /Users/adityanarayan/.rvm/gems/ruby-2.1.0/specifications/sqlite3-1.3.10.gemspec
I, [2015-03-25T17:51:19.955209 #156]  INFO -- : 0:  turbolinks (2.5.3) from /Users/adityanarayan/.rvm/gems/ruby-2.1.0/specifications/turbolinks-2.5.3.gemspec
I, [2015-03-25T17:51:19.955491 #156]  INFO -- : 0:  uglifier (2.7.1) from /Users/adityanarayan/.rvm/gems/ruby-2.1.0/specifications/uglifier-2.7.1.gemspec
